=========================================================================================
 RIZONESOFT LOGGING VERSION 2.0
=========================================================================================


                                            ./
                                          (o o)
--------------------------------------oOOo-(-)-oOOo--------------------------------------

[ 24/11/2017 02:09:31 ] DATE:								 24/11/2017 02:09:31
[ 24/11/2017 02:09:31 ] PROGRAM:							 Complete Internet Repair 5.0.0.3706
[ 24/11/2017 02:09:31 ] PROGRAM PATH:						 [D:\Rizonesoft\SDK\Concrete\ComIntRep\Distribution\3706\ComIntRep_3706\ComIntRep_X64.exe]
[ 24/11/2017 02:09:31 ] COMPILED:							 YES
[ 24/11/2017 02:09:31 ] WINDOWS VERSION:					 WIN_10 
[ 24/11/2017 02:09:31 ] SYSTEM TYPE:						 64-Bit Operating System
[ 24/11/2017 02:09:31 ] MEMORY (RAM):						 8157.89 MB
[ 24/11/2017 02:09:31 ] PROGRAM FILES DIRECTORY:			 C:\Program Files
[ 24/11/2017 02:09:31 ] WINDOWS DIRECTORY:					 C:\Windows
-----------------------------------------------------------------------------------------



                                            ./
                                          (o o)
--------------------------------------oOOo-(-)-oOOo--------------------------------------

[ 24/11/2017 02:11:10 ] DATE:								 24/11/2017 02:11:10
[ 24/11/2017 02:11:10 ] PROGRAM:							 Complete Internet Repair 5.0.0.3706
[ 24/11/2017 02:11:10 ] PROGRAM PATH:						 [D:\Rizonesoft\SDK\Concrete\ComIntRep\Distribution\3706\ComIntRep_3706\ComIntRep_X64.exe]
[ 24/11/2017 02:11:10 ] COMPILED:							 YES
[ 24/11/2017 02:11:10 ] WINDOWS VERSION:					 WIN_10 
[ 24/11/2017 02:11:10 ] SYSTEM TYPE:						 64-Bit Operating System
[ 24/11/2017 02:11:10 ] MEMORY (RAM):						 8157.89 MB
[ 24/11/2017 02:11:10 ] PROGRAM FILES DIRECTORY:			 C:\Program Files
[ 24/11/2017 02:11:10 ] WINDOWS DIRECTORY:					 C:\Windows
-----------------------------------------------------------------------------------------

