=========================================================================================
 RIZONESOFT LOGGING VERSION 2.0
=========================================================================================


                                            ./
                                          (o o)
--------------------------------------oOOo-(-)-oOOo--------------------------------------

[ 20/11/2017 21:43:33 ] DATE:								 20/11/2017 21:43:33
[ 20/11/2017 21:43:33 ] PROGRAM:							  5.0.3.3694
[ 20/11/2017 21:43:33 ] PROGRAM PATH:						 [D:\Rizonesoft\SDK\Concrete\ComIntRep\ComIntRep_X64.exe]
[ 20/11/2017 21:43:33 ] COMPILED:							 YES
[ 20/11/2017 21:43:33 ] WINDOWS VERSION:					 WIN_10 
[ 20/11/2017 21:43:33 ] SYSTEM TYPE:						 64-Bit Operating System
[ 20/11/2017 21:43:33 ] MEMORY (RAM):						 8157.89 MB
[ 20/11/2017 21:43:33 ] PROGRAM FILES DIRECTORY:			 C:\Program Files
[ 20/11/2017 21:43:33 ] WINDOWS DIRECTORY:					 C:\Windows
-----------------------------------------------------------------------------------------



                                            ./
                                          (o o)
--------------------------------------oOOo-(-)-oOOo--------------------------------------

[ 20/11/2017 21:53:00 ] DATE:								 20/11/2017 21:53:00
[ 20/11/2017 21:53:00 ] PROGRAM:							 Complete Internet Repair 5.0.3.3697
[ 20/11/2017 21:53:00 ] PROGRAM PATH:						 [D:\Rizonesoft\SDK\Concrete\ComIntRep\ComIntRep_X64.exe]
[ 20/11/2017 21:53:00 ] COMPILED:							 YES
[ 20/11/2017 21:53:00 ] WINDOWS VERSION:					 WIN_10 
[ 20/11/2017 21:53:00 ] SYSTEM TYPE:						 64-Bit Operating System
[ 20/11/2017 21:53:00 ] MEMORY (RAM):						 8157.89 MB
[ 20/11/2017 21:53:00 ] PROGRAM FILES DIRECTORY:			 C:\Program Files
[ 20/11/2017 21:53:00 ] WINDOWS DIRECTORY:					 C:\Windows
-----------------------------------------------------------------------------------------



                                            ./
                                          (o o)
--------------------------------------oOOo-(-)-oOOo--------------------------------------

[ 20/11/2017 21:55:23 ] DATE:								 20/11/2017 21:55:23
[ 20/11/2017 21:55:23 ] PROGRAM:							 Complete Internet Repair 5.0.3.3698
[ 20/11/2017 21:55:23 ] PROGRAM PATH:						 [D:\Rizonesoft\SDK\Concrete\ComIntRep\ComIntRep_X64.exe]
[ 20/11/2017 21:55:23 ] COMPILED:							 YES
[ 20/11/2017 21:55:23 ] WINDOWS VERSION:					 WIN_10 
[ 20/11/2017 21:55:23 ] SYSTEM TYPE:						 64-Bit Operating System
[ 20/11/2017 21:55:23 ] MEMORY (RAM):						 8157.89 MB
[ 20/11/2017 21:55:23 ] PROGRAM FILES DIRECTORY:			 C:\Program Files
[ 20/11/2017 21:55:23 ] WINDOWS DIRECTORY:					 C:\Windows
-----------------------------------------------------------------------------------------



                                            ./
                                          (o o)
--------------------------------------oOOo-(-)-oOOo--------------------------------------

[ 20/11/2017 22:00:05 ] DATE:								 20/11/2017 22:00:05
[ 20/11/2017 22:00:05 ] PROGRAM:							 Complete Internet Repair 5.0.3.3700
[ 20/11/2017 22:00:06 ] PROGRAM PATH:						 [D:\Rizonesoft\SDK\Concrete\ComIntRep\ComIntRep_X64.exe]
[ 20/11/2017 22:00:06 ] COMPILED:							 YES
[ 20/11/2017 22:00:06 ] WINDOWS VERSION:					 WIN_10 
[ 20/11/2017 22:00:06 ] SYSTEM TYPE:						 64-Bit Operating System
[ 20/11/2017 22:00:06 ] MEMORY (RAM):						 8157.89 MB
[ 20/11/2017 22:00:06 ] PROGRAM FILES DIRECTORY:			 C:\Program Files
[ 20/11/2017 22:00:06 ] WINDOWS DIRECTORY:					 C:\Windows
-----------------------------------------------------------------------------------------



                                            ./
                                          (o o)
--------------------------------------oOOo-(-)-oOOo--------------------------------------

[ 20/11/2017 22:00:18 ] DATE:								 20/11/2017 22:00:18
[ 20/11/2017 22:00:18 ] PROGRAM:							 Complete Internet Repair 5.0.3.3700
[ 20/11/2017 22:00:18 ] PROGRAM PATH:						 [D:\Rizonesoft\SDK\Concrete\ComIntRep\ComIntRep_X64.exe]
[ 20/11/2017 22:00:18 ] COMPILED:							 YES
[ 20/11/2017 22:00:18 ] WINDOWS VERSION:					 WIN_10 
[ 20/11/2017 22:00:18 ] SYSTEM TYPE:						 64-Bit Operating System
[ 20/11/2017 22:00:18 ] MEMORY (RAM):						 8157.89 MB
[ 20/11/2017 22:00:18 ] PROGRAM FILES DIRECTORY:			 C:\Program Files
[ 20/11/2017 22:00:18 ] WINDOWS DIRECTORY:					 C:\Windows
-----------------------------------------------------------------------------------------



                                            ./
                                          (o o)
--------------------------------------oOOo-(-)-oOOo--------------------------------------

[ 20/11/2017 22:00:41 ] DATUM:						 20/11/2017 22:00:41
[ 20/11/2017 22:00:41 ] PROGRAM:					 Complete Internet Repair 5.0.3.3700
[ 20/11/2017 22:00:41 ] PROGRAM PAD:				 [D:\Rizonesoft\SDK\Concrete\ComIntRep\ComIntRep_X64.exe]
[ 20/11/2017 22:00:42 ] SAAMGESTEL:					 JA
[ 20/11/2017 22:00:42 ] WINDOWS WEERGAWE:			 WIN_10 
[ 20/11/2017 22:00:42 ] STELSEL TIPE:				 64-Bit Operating System
[ 20/11/2017 22:00:42 ] GEHEUE (RAM):				 8157.89 MB
[ 20/11/2017 22:00:42 ] PROGRAM LÊERS:				 C:\Program Files
[ 20/11/2017 22:00:42 ] WINDOWS OMSLAG:				 C:\Windows
-----------------------------------------------------------------------------------------



                                            ./
                                          (o o)
--------------------------------------oOOo-(-)-oOOo--------------------------------------

[ 20/11/2017 22:07:58 ] DATUM:						 20/11/2017 22:07:58
[ 20/11/2017 22:07:58 ] PROGRAM:					 Complete Internet Repair 5.0.3.3701
[ 20/11/2017 22:07:58 ] PROGRAM PAD:				 [D:\Rizonesoft\SDK\Concrete\ComIntRep\ComIntRep_X64.exe]
[ 20/11/2017 22:07:58 ] SAAMGESTEL:					 JA
[ 20/11/2017 22:07:58 ] WINDOWS WEERGAWE:			 WIN_10 
[ 20/11/2017 22:07:58 ] STELSEL TIPE:				 64-Bit Operating System
[ 20/11/2017 22:07:58 ] GEHEUE (RAM):				 8157.89 MB
[ 20/11/2017 22:07:58 ] PROGRAM LÊERS:				 C:\Program Files
[ 20/11/2017 22:07:58 ] WINDOWS OMSLAG:				 C:\Windows
-----------------------------------------------------------------------------------------



                                            ./
                                          (o o)
--------------------------------------oOOo-(-)-oOOo--------------------------------------

[ 20/11/2017 22:18:31 ] DATUM:						 20/11/2017 22:18:31
[ 20/11/2017 22:18:31 ] PROGRAM:					 Complete Internet Repair 5.0.3.3702
[ 20/11/2017 22:18:31 ] PROGRAM PAD:				 [D:\Rizonesoft\SDK\Concrete\ComIntRep\ComIntRep_X64.exe]
[ 20/11/2017 22:18:31 ] SAAMGESTEL:					 JA
[ 20/11/2017 22:18:31 ] WINDOWS WEERGAWE:			 WIN_10 
[ 20/11/2017 22:18:31 ] STELSEL TIPE:				 64-Bit Operating System
[ 20/11/2017 22:18:31 ] GEHEUE (RAM):				 8157.89 MB
[ 20/11/2017 22:18:31 ] PROGRAM LÊERS:				 C:\Program Files
[ 20/11/2017 22:18:31 ] WINDOWS OMSLAG:				 C:\Windows
-----------------------------------------------------------------------------------------



                                            ./
                                          (o o)
--------------------------------------oOOo-(-)-oOOo--------------------------------------

[ 20/11/2017 22:27:06 ] DATUM:						 20/11/2017 22:27:06
[ 20/11/2017 22:27:06 ] PROGRAM:					 Complete Internet Repair 5.0.0.3705
[ 20/11/2017 22:27:06 ] PROGRAM PAD:				 [D:\Rizonesoft\SDK\Concrete\ComIntRep\ComIntRep_X64.exe]
[ 20/11/2017 22:27:06 ] SAAMGESTEL:					 JA
[ 20/11/2017 22:27:06 ] WINDOWS WEERGAWE:			 WIN_10 
[ 20/11/2017 22:27:06 ] STELSEL TIPE:				 64-Bit Operating System
[ 20/11/2017 22:27:06 ] GEHEUE (RAM):				 8157.89 MB
[ 20/11/2017 22:27:06 ] PROGRAM LÊERS:				 C:\Program Files
[ 20/11/2017 22:27:06 ] WINDOWS OMSLAG:				 C:\Windows
-----------------------------------------------------------------------------------------



                                            ./
                                          (o o)
--------------------------------------oOOo-(-)-oOOo--------------------------------------

[ 20/11/2017 23:11:15 ] DATUM:						 20/11/2017 23:11:15
[ 20/11/2017 23:11:15 ] PROGRAM:					 Complete Internet Repair 5.0.0.3706
[ 20/11/2017 23:11:15 ] PROGRAM PAD:				 [D:\Rizonesoft\SDK\Concrete\ComIntRep\ComIntRep_X64.exe]
[ 20/11/2017 23:11:15 ] SAAMGESTEL:					 JA
[ 20/11/2017 23:11:15 ] WINDOWS WEERGAWE:			 WIN_10 
[ 20/11/2017 23:11:15 ] STELSEL TIPE:				 64-Bit Operating System
[ 20/11/2017 23:11:15 ] GEHEUE (RAM):				 8157.89 MB
[ 20/11/2017 23:11:15 ] PROGRAM LÊERS:				 C:\Program Files
[ 20/11/2017 23:11:15 ] WINDOWS OMSLAG:				 C:\Windows
-----------------------------------------------------------------------------------------



                                            ./
                                          (o o)
--------------------------------------oOOo-(-)-oOOo--------------------------------------

[ 20/11/2017 23:12:02 ] DATUM:						 20/11/2017 23:12:02
[ 20/11/2017 23:12:02 ] PROGRAM:					 Complete Internet Repair 5.0.0.3706
[ 20/11/2017 23:12:02 ] PROGRAM PAD:				 [D:\Rizonesoft\SDK\Concrete\ComIntRep\ComIntRep_X64.exe]
[ 20/11/2017 23:12:02 ] SAAMGESTEL:					 JA
[ 20/11/2017 23:12:02 ] WINDOWS WEERGAWE:			 WIN_10 
[ 20/11/2017 23:12:02 ] STELSEL TIPE:				 64-Bit Operating System
[ 20/11/2017 23:12:02 ] GEHEUE (RAM):				 8157.89 MB
[ 20/11/2017 23:12:02 ] PROGRAM LÊERS:				 C:\Program Files
[ 20/11/2017 23:12:02 ] WINDOWS OMSLAG:				 C:\Windows
-----------------------------------------------------------------------------------------



                                            ./
                                          (o o)
--------------------------------------oOOo-(-)-oOOo--------------------------------------

[ 20/11/2017 23:12:17 ] DATE:								 20/11/2017 23:12:17
[ 20/11/2017 23:12:17 ] PROGRAM:							 Complete Internet Repair 5.0.0.3706
[ 20/11/2017 23:12:17 ] PROGRAM PATH:						 [D:\Rizonesoft\SDK\Concrete\ComIntRep\ComIntRep_X64.exe]
[ 20/11/2017 23:12:17 ] COMPILED:							 YES
[ 20/11/2017 23:12:17 ] WINDOWS VERSION:					 WIN_10 
[ 20/11/2017 23:12:17 ] SYSTEM TYPE:						 64-Bit Operating System
[ 20/11/2017 23:12:17 ] MEMORY (RAM):						 8157.89 MB
[ 20/11/2017 23:12:17 ] PROGRAM FILES DIRECTORY:			 C:\Program Files
[ 20/11/2017 23:12:17 ] WINDOWS DIRECTORY:					 C:\Windows
-----------------------------------------------------------------------------------------



                                            ./
                                          (o o)
--------------------------------------oOOo-(-)-oOOo--------------------------------------

[ 20/11/2017 23:50:28 ] DATE:								 20/11/2017 23:50:28
[ 20/11/2017 23:50:28 ] PROGRAM:							 Complete Internet Repair 5.0.0.3706
[ 20/11/2017 23:50:28 ] PROGRAM PATH:						 [D:\Rizonesoft\SDK\Concrete\ComIntRep\ComIntRep_X64.exe]
[ 20/11/2017 23:50:28 ] COMPILED:							 YES
[ 20/11/2017 23:50:28 ] WINDOWS VERSION:					 WIN_10 
[ 20/11/2017 23:50:28 ] SYSTEM TYPE:						 64-Bit Operating System
[ 20/11/2017 23:50:28 ] MEMORY (RAM):						 8157.89 MB
[ 20/11/2017 23:50:28 ] PROGRAM FILES DIRECTORY:			 C:\Program Files
[ 20/11/2017 23:50:28 ] WINDOWS DIRECTORY:					 C:\Windows
-----------------------------------------------------------------------------------------



                                            ./
                                          (o o)
--------------------------------------oOOo-(-)-oOOo--------------------------------------

[ 21/11/2017 19:04:49 ] DATE:								 21/11/2017 19:04:49
[ 21/11/2017 19:04:49 ] PROGRAM:							 Complete Internet Repair 5.0.0.3709
[ 21/11/2017 19:04:49 ] PROGRAM PATH:						 [D:\Rizonesoft\SDK\Concrete\ComIntRep\ComIntRep_X64.exe]
[ 21/11/2017 19:04:49 ] COMPILED:							 YES
[ 21/11/2017 19:04:49 ] WINDOWS VERSION:					 WIN_10 
[ 21/11/2017 19:04:49 ] SYSTEM TYPE:						 64-Bit Operating System
[ 21/11/2017 19:04:49 ] MEMORY (RAM):						 8157.89 MB
[ 21/11/2017 19:04:49 ] PROGRAM FILES DIRECTORY:			 C:\Program Files
[ 21/11/2017 19:04:49 ] WINDOWS DIRECTORY:					 C:\Windows
-----------------------------------------------------------------------------------------



                                            ./
                                          (o o)
--------------------------------------oOOo-(-)-oOOo--------------------------------------

[ 21/11/2017 19:15:20 ] DATE:								 21/11/2017 19:15:20
[ 21/11/2017 19:15:20 ] PROGRAM:							 Complete Internet Repair 5.0.0.3710
[ 21/11/2017 19:15:20 ] PROGRAM PATH:						 [D:\Rizonesoft\SDK\Concrete\ComIntRep\ComIntRep_X64.exe]
[ 21/11/2017 19:15:20 ] COMPILED:							 YES
[ 21/11/2017 19:15:20 ] WINDOWS VERSION:					 WIN_10 
[ 21/11/2017 19:15:20 ] SYSTEM TYPE:						 64-Bit Operating System
[ 21/11/2017 19:15:20 ] MEMORY (RAM):						 8157.89 MB
[ 21/11/2017 19:15:20 ] PROGRAM FILES DIRECTORY:			 C:\Program Files
[ 21/11/2017 19:15:20 ] WINDOWS DIRECTORY:					 C:\Windows
-----------------------------------------------------------------------------------------



                                            ./
                                          (o o)
--------------------------------------oOOo-(-)-oOOo--------------------------------------

[ 21/11/2017 19:16:01 ] DATUM:						 21/11/2017 19:16:01
[ 21/11/2017 19:16:01 ] PROGRAM:					 Complete Internet Repair 5.0.0.3710
[ 21/11/2017 19:16:01 ] PROGRAM PAD:				 [D:\Rizonesoft\SDK\Concrete\ComIntRep\ComIntRep_X64.exe]
[ 21/11/2017 19:16:01 ] SAAMGESTEL:					 JA
[ 21/11/2017 19:16:01 ] WINDOWS WEERGAWE:			 WIN_10 
[ 21/11/2017 19:16:01 ] STELSEL TIPE:				 64-Bit Operating System
[ 21/11/2017 19:16:01 ] GEHEUE (RAM):				 8157.89 MB
[ 21/11/2017 19:16:01 ] PROGRAM LÊERS:				 C:\Program Files
[ 21/11/2017 19:16:01 ] WINDOWS OMSLAG:				 C:\Windows
-----------------------------------------------------------------------------------------



                                            ./
                                          (o o)
--------------------------------------oOOo-(-)-oOOo--------------------------------------

[ 21/11/2017 19:20:15 ] DATUM:						 21/11/2017 19:20:15
[ 21/11/2017 19:20:15 ] PROGRAM:					 Complete Internet Repair 5.0.0.3710
[ 21/11/2017 19:20:15 ] PROGRAM PAD:				 [D:\Rizonesoft\SDK\Concrete\ComIntRep\ComIntRep_X64.exe]
[ 21/11/2017 19:20:15 ] SAAMGESTEL:					 JA
[ 21/11/2017 19:20:15 ] WINDOWS WEERGAWE:			 WIN_10 
[ 21/11/2017 19:20:15 ] STELSEL TIPE:				 64-Bit Operating System
[ 21/11/2017 19:20:15 ] GEHEUE (RAM):				 8157.89 MB
[ 21/11/2017 19:20:15 ] PROGRAM LÊERS:				 C:\Program Files
[ 21/11/2017 19:20:15 ] WINDOWS OMSLAG:				 C:\Windows
-----------------------------------------------------------------------------------------



                                            ./
                                          (o o)
--------------------------------------oOOo-(-)-oOOo--------------------------------------

[ 21/11/2017 19:21:01 ] DATUM:						 21/11/2017 19:21:01
[ 21/11/2017 19:21:01 ] PROGRAM:					 Complete Internet Repair 5.0.0.3710
[ 21/11/2017 19:21:01 ] PROGRAM PAD:				 [D:\Rizonesoft\SDK\Concrete\ComIntRep\ComIntRep_X64.exe]
[ 21/11/2017 19:21:01 ] SAAMGESTEL:					 JA
[ 21/11/2017 19:21:01 ] WINDOWS WEERGAWE:			 WIN_10 
[ 21/11/2017 19:21:01 ] STELSEL TIPE:				 64-Bit Operating System
[ 21/11/2017 19:21:01 ] GEHEUE (RAM):				 8157.89 MB
[ 21/11/2017 19:21:01 ] PROGRAM LÊERS:				 C:\Program Files
[ 21/11/2017 19:21:01 ] WINDOWS OMSLAG:				 C:\Windows
-----------------------------------------------------------------------------------------



                                            ./
                                          (o o)
--------------------------------------oOOo-(-)-oOOo--------------------------------------

[ 21/11/2017 19:23:53 ] DATUM:						 21/11/2017 19:23:53
[ 21/11/2017 19:23:53 ] PROGRAM:					 Complete Internet Repair 5.0.0.3711
[ 21/11/2017 19:23:53 ] PROGRAM PAD:				 [D:\Rizonesoft\SDK\Concrete\ComIntRep\ComIntRep_X64.exe]
[ 21/11/2017 19:23:53 ] SAAMGESTEL:					 JA
[ 21/11/2017 19:23:53 ] WINDOWS WEERGAWE:			 WIN_10 
[ 21/11/2017 19:23:53 ] STELSEL TIPE:				 64-Bit Operating System
[ 21/11/2017 19:23:53 ] GEHEUE (RAM):				 8157.89 MB
[ 21/11/2017 19:23:53 ] PROGRAM LÊERS:				 C:\Program Files
[ 21/11/2017 19:23:53 ] WINDOWS OMSLAG:				 C:\Windows
-----------------------------------------------------------------------------------------

[ 21/11/2017 19:24:25 ] Spoel ARP (adres resolusie protokol) cache.
------------------------------------------------------------------------------------------
[ 21/11/2017 19:24:25 ] Ok.
[ 21/11/2017 19:24:25 ] Klaar: ARP Cache vernieuwd
------------------------------------------------------------------------------------------


                                            ./
                                          (o o)
--------------------------------------oOOo-(-)-oOOo--------------------------------------

[ 21/11/2017 19:28:11 ] DATUM:						 21/11/2017 19:28:11
[ 21/11/2017 19:28:11 ] PROGRAM:					 Complete Internet Repair 5.0.0.3712
[ 21/11/2017 19:28:11 ] PROGRAM PAD:				 [D:\Rizonesoft\SDK\Concrete\ComIntRep\ComIntRep_X64.exe]
[ 21/11/2017 19:28:11 ] SAAMGESTEL:					 JA
[ 21/11/2017 19:28:11 ] WINDOWS WEERGAWE:			 WIN_10 
[ 21/11/2017 19:28:11 ] STELSEL TIPE:				 64-Bit Operating System
[ 21/11/2017 19:28:11 ] GEHEUE (RAM):				 8157.89 MB
[ 21/11/2017 19:28:11 ] PROGRAM LÊERS:				 C:\Program Files
[ 21/11/2017 19:28:11 ] WINDOWS OMSLAG:				 C:\Windows
-----------------------------------------------------------------------------------------



                                            ./
                                          (o o)
--------------------------------------oOOo-(-)-oOOo--------------------------------------

[ 21/11/2017 19:53:11 ] DATE:								 21/11/2017 19:53:11
[ 21/11/2017 19:53:11 ] PROGRAM:							 Complete Internet Repair 5.0.0.3712
[ 21/11/2017 19:53:11 ] PROGRAM PATH:						 [D:\Rizonesoft\SDK\Concrete\ComIntRep\ComIntRep_X64.exe]
[ 21/11/2017 19:53:11 ] COMPILED:							 YES
[ 21/11/2017 19:53:11 ] WINDOWS VERSION:					 WIN_10 
[ 21/11/2017 19:53:11 ] SYSTEM TYPE:						 64-Bit Operating System
[ 21/11/2017 19:53:11 ] MEMORY (RAM):						 8157.89 MB
[ 21/11/2017 19:53:11 ] PROGRAM FILES DIRECTORY:			 C:\Program Files
[ 21/11/2017 19:53:11 ] WINDOWS DIRECTORY:					 C:\Windows
-----------------------------------------------------------------------------------------



                                            ./
                                          (o o)
--------------------------------------oOOo-(-)-oOOo--------------------------------------

[ 23/11/2017 00:24:13 ] DATUM:						 23/11/2017 00:24:13
[ 23/11/2017 00:24:13 ] PROGRAM:					 Complete Internet Repair 5.0.0.3714
[ 23/11/2017 00:24:13 ] PROGRAM PAD:				 [D:\Rizonesoft\SDK\Concrete\ComIntRep\ComIntRep_X64.exe]
[ 23/11/2017 00:24:13 ] SAAMGESTEL:					 JA
[ 23/11/2017 00:24:13 ] WINDOWS WEERGAWE:			 WIN_10 
[ 23/11/2017 00:24:13 ] STELSEL TIPE:				 64-Bit Operating System
[ 23/11/2017 00:24:13 ] GEHEUE (RAM):				 8157.89 MB
[ 23/11/2017 00:24:13 ] PROGRAM LÊERS:				 C:\Program Files
[ 23/11/2017 00:24:13 ] WINDOWS OMSLAG:				 C:\Windows
-----------------------------------------------------------------------------------------



                                            ./
                                          (o o)
--------------------------------------oOOo-(-)-oOOo--------------------------------------

[ 24/11/2017 01:08:02 ] DATUM:						 24/11/2017 01:08:02
[ 24/11/2017 01:08:02 ] PROGRAM:					 Complete Internet Repair 5.0.0.3716
[ 24/11/2017 01:08:02 ] PROGRAM PAD:				 [D:\Rizonesoft\SDK\Concrete\ComIntRep\ComIntRep_X64.exe]
[ 24/11/2017 01:08:02 ] SAAMGESTEL:					 JA
[ 24/11/2017 01:08:02 ] WINDOWS WEERGAWE:			 WIN_10 
[ 24/11/2017 01:08:02 ] STELSEL TIPE:				 64-Bit Operating System
[ 24/11/2017 01:08:02 ] GEHEUE (RAM):				 8157.89 MB
[ 24/11/2017 01:08:02 ] PROGRAM LÊERS:				 C:\Program Files
[ 24/11/2017 01:08:02 ] WINDOWS OMSLAG:				 C:\Windows
-----------------------------------------------------------------------------------------



                                            ./
                                          (o o)
--------------------------------------oOOo-(-)-oOOo--------------------------------------

[ 24/11/2017 01:25:22 ] DATUM:						 24/11/2017 01:25:22
[ 24/11/2017 01:25:22 ] PROGRAM:					 Complete Internet Repair 5.0.0.3718
[ 24/11/2017 01:25:22 ] PROGRAM PAD:				 [D:\Rizonesoft\SDK\Concrete\ComIntRep\ComIntRep_X64.exe]
[ 24/11/2017 01:25:22 ] SAAMGESTEL:					 JA
[ 24/11/2017 01:25:22 ] WINDOWS WEERGAWE:			 WIN_10 
[ 24/11/2017 01:25:22 ] STELSEL TIPE:				 64-Bit Operating System
[ 24/11/2017 01:25:22 ] GEHEUE (RAM):				 8157.89 MB
[ 24/11/2017 01:25:22 ] PROGRAM LÊERS:				 C:\Program Files
[ 24/11/2017 01:25:22 ] WINDOWS OMSLAG:				 C:\Windows
-----------------------------------------------------------------------------------------



                                            ./
                                          (o o)
--------------------------------------oOOo-(-)-oOOo--------------------------------------

[ 24/11/2017 01:37:44 ] DATUM:						 24/11/2017 01:37:44
[ 24/11/2017 01:37:44 ] PROGRAM:					 Complete Internet Repair 5.0.0.3718
[ 24/11/2017 01:37:44 ] PROGRAM PAD:				 [D:\Rizonesoft\SDK\Concrete\ComIntRep\ComIntRep_X64.exe]
[ 24/11/2017 01:37:44 ] SAAMGESTEL:					 JA
[ 24/11/2017 01:37:44 ] WINDOWS WEERGAWE:			 WIN_10 
[ 24/11/2017 01:37:44 ] STELSEL TIPE:				 64-Bit Operating System
[ 24/11/2017 01:37:44 ] GEHEUE (RAM):				 8157.89 MB
[ 24/11/2017 01:37:44 ] PROGRAM LÊERS:				 C:\Program Files
[ 24/11/2017 01:37:44 ] WINDOWS OMSLAG:				 C:\Windows
-----------------------------------------------------------------------------------------



                                            ./
                                          (o o)
--------------------------------------oOOo-(-)-oOOo--------------------------------------

[ 24/11/2017 01:38:14 ] DATUM:						 24/11/2017 01:38:14
[ 24/11/2017 01:38:14 ] PROGRAM:					 Complete Internet Repair 5.0.0.3718
[ 24/11/2017 01:38:14 ] PROGRAM PAD:				 [D:\Rizonesoft\SDK\Concrete\ComIntRep\ComIntRep_X64.exe]
[ 24/11/2017 01:38:14 ] SAAMGESTEL:					 JA
[ 24/11/2017 01:38:14 ] WINDOWS WEERGAWE:			 WIN_10 
[ 24/11/2017 01:38:14 ] STELSEL TIPE:				 64-Bit Operating System
[ 24/11/2017 01:38:14 ] GEHEUE (RAM):				 8157.89 MB
[ 24/11/2017 01:38:14 ] PROGRAM LÊERS:				 C:\Program Files
[ 24/11/2017 01:38:14 ] WINDOWS OMSLAG:				 C:\Windows
-----------------------------------------------------------------------------------------



                                            ./
                                          (o o)
--------------------------------------oOOo-(-)-oOOo--------------------------------------

[ 24/11/2017 02:08:22 ] DATUM:						 24/11/2017 02:08:22
[ 24/11/2017 02:08:22 ] PROGRAM:					 Complete Internet Repair 5.0.0.3720
[ 24/11/2017 02:08:22 ] PROGRAM PAD:				 [D:\Rizonesoft\SDK\Concrete\ComIntRep\ComIntRep_X64.exe]
[ 24/11/2017 02:08:22 ] SAAMGESTEL:					 JA
[ 24/11/2017 02:08:22 ] WINDOWS WEERGAWE:			 WIN_10 
[ 24/11/2017 02:08:22 ] STELSEL TIPE:				 64-Bit Operating System
[ 24/11/2017 02:08:22 ] GEHEUE (RAM):				 8157.89 MB
[ 24/11/2017 02:08:22 ] PROGRAM LÊERS:				 C:\Program Files
[ 24/11/2017 02:08:22 ] WINDOWS OMSLAG:				 C:\Windows
-----------------------------------------------------------------------------------------



                                            ./
                                          (o o)
--------------------------------------oOOo-(-)-oOOo--------------------------------------

[ 24/11/2017 03:17:11 ] DATUM:						 24/11/2017 03:17:11
[ 24/11/2017 03:17:11 ] PROGRAM:					 Complete Internet Repair 5.0.0.3721
[ 24/11/2017 03:17:11 ] PROGRAM PAD:				 [D:\Rizonesoft\SDK\Concrete\ComIntRep\ComIntRep_X64.exe]
[ 24/11/2017 03:17:11 ] SAAMGESTEL:					 JA
[ 24/11/2017 03:17:11 ] WINDOWS WEERGAWE:			 WIN_10 
[ 24/11/2017 03:17:11 ] STELSEL TIPE:				 64-Bit Operating System
[ 24/11/2017 03:17:11 ] GEHEUE (RAM):				 8157.89 MB
[ 24/11/2017 03:17:11 ] PROGRAM LÊERS:				 C:\Program Files
[ 24/11/2017 03:17:11 ] WINDOWS OMSLAG:				 C:\Windows
-----------------------------------------------------------------------------------------

[ 24/11/2017 03:17:30 ] Opruiming van Opdateringsgeskiedenis lêer.
------------------------------------------------------------------------------------------
[ 24/11/2017 03:17:30 ] Besig om 'C:\ProgramData\Microsoft\Network\Downloader\qmgr*.dat' te verwyder.
[ 24/11/2017 03:17:30 ] Fout: Kon nie die lêer verwyder nie.
[ 24/11/2017 03:17:30 ] ^ 'C:\ProgramData\Microsoft\Network\Downloader\qmgr*.dat'
[ 24/11/2017 03:17:30 ] Vee 'C:\Windows\SoftwareDistribution\Download' skoon.
[ 24/11/2017 03:17:30 ] Stel eienskappe vir '27c793695324a880f47636e1ef571038'.
[ 24/11/2017 03:17:42 ] Sukses: '27c793695324a880f47636e1ef571038' is verwyder.
[ 24/11/2017 03:17:42 ] Besig om 'C:\Windows\SoftwareDistribution\Download\56816c5257a3fe942c70b10c96da3caa2a7ae1eb' te verwyder.
[ 24/11/2017 03:17:42 ] Sukses: Die lêer is verwyder.
[ 24/11/2017 03:17:42 ] Stel eienskappe vir '8b4beaf5d905896169543103ecd8a6b7'.
[ 24/11/2017 03:17:43 ] Sukses: '8b4beaf5d905896169543103ecd8a6b7' is verwyder.
[ 24/11/2017 03:17:43 ] Stel eienskappe vir 'SharedFileCache'.
[ 24/11/2017 03:17:43 ] Sukses: 'SharedFileCache' is verwyder.
[ 24/11/2017 03:17:43 ] 'C:\Windows\SoftwareDistribution\Download.Old' does not exist.
[ 24/11/2017 03:17:43 ] Vee 'C:\Windows\SoftwareDistribution\DataStore' skoon.
[ 24/11/2017 03:17:43 ] Besig om 'C:\Windows\SoftwareDistribution\DataStore\DataStore.edb' te verwyder.
[ 24/11/2017 03:17:43 ] Sukses: Die lêer is verwyder.
[ 24/11/2017 03:17:43 ] Besig om 'C:\Windows\SoftwareDistribution\DataStore\DataStore.jfm' te verwyder.
[ 24/11/2017 03:17:43 ] Sukses: Die lêer is verwyder.
[ 24/11/2017 03:17:43 ] Stel eienskappe vir 'Logs'.
[ 24/11/2017 03:17:43 ] Sukses: 'Logs' is verwyder.
[ 24/11/2017 03:17:43 ] 'C:\Windows\SoftwareDistribution\DataStore.Old' does not exist.
[ 24/11/2017 03:17:43 ] Vee 'C:\Windows\System32\CatRoot2' skoon.
[ 24/11/2017 03:17:43 ] Besig om 'C:\Windows\System32\CatRoot2\dberr.txt' te verwyder.
[ 24/11/2017 03:17:43 ] Sukses: Die lêer is verwyder.
[ 24/11/2017 03:17:43 ] Stel eienskappe vir '{127D0A1D-4EF2-11D1-8608-00C04FC295EE}'.
[ 24/11/2017 03:17:44 ] Fout: '{127D0A1D-4EF2-11D1-8608-00C04FC295EE}' kon nie verwyder word nie.
[ 24/11/2017 03:17:44 ] Stel eienskappe vir '{F750E6C3-38EE-11D1-85E5-00C04FC295EE}'.
[ 24/11/2017 03:17:45 ] Fout: '{F750E6C3-38EE-11D1-85E5-00C04FC295EE}' kon nie verwyder word nie.
[ 24/11/2017 03:17:45 ] 'C:\Windows\System32\CatRoot2.Old' does not exist.
[ 24/11/2017 03:17:46 ] Fout: Voltooid met (03) foute!
------------------------------------------------------------------------------------------
